# JRE version: Java(TM) SE Runtime Environment (8.0_161-b12) (build 1.8.0_161-b12)
# Java VM: Java HotSpot(TM) 64-Bit Server VM (25.161-b12 mixed mode windows-amd64 compressed oops)
Heap:
 PSYoungGen      total 205312K, used 15969K [0x00000000e0800000, 0x00000000f1280000, 0x0000000100000000)
  eden space 187904K, 8% used [0x00000000e0800000,0x00000000e17984c0,0x00000000ebf80000)
  from space 17408K, 0% used [0x00000000ebf80000,0x00000000ebf80000,0x00000000ed080000)
  to   space 16896K, 0% used [0x00000000f0200000,0x00000000f0200000,0x00000000f1280000)
 ParOldGen       total 68608K, used 23512K [0x00000000a1800000, 0x00000000a5b00000, 0x00000000e0800000)
  object space 68608K, 34% used [0x00000000a1800000,0x00000000a2ef6208,0x00000000a5b00000)
 Metaspace       used 56294K, capacity 59398K, committed 59520K, reserved 1099776K
  class space    used 7680K, capacity 8226K, committed 8320K, reserved 1048576K
GC Heap History (10 events):
Event: 8.179 GC heap before
{Heap before GC invocations=10 (full 1):
 PSYoungGen      total 158720K, used 123016K [0x00000000e0800000, 0x00000000eb080000, 0x0000000100000000)
  eden space 148992K, 76% used [0x00000000e0800000,0x00000000e76a4f88,0x00000000e9980000)
  from space 9728K, 99% used [0x00000000ea700000,0x00000000eb07d0b0,0x00000000eb080000)
  to   space 11776K, 0% used [0x00000000e9980000,0x00000000e9980000,0x00000000ea500000)
 ParOldGen       total 45056K, used 9851K [0x00000000a1800000, 0x00000000a4400000, 0x00000000e0800000)
  object space 45056K, 21% used [0x00000000a1800000,0x00000000a219ecf8,0x00000000a4400000)
 Metaspace       used 33338K, capacity 35454K, committed 35496K, reserved 1079296K
  class space    used 4429K, capacity 4832K, committed 4864K, reserved 1048576K
Event: 8.202 GC heap after
Heap after GC invocations=10 (full 1):
 PSYoungGen      total 160768K, used 9904K [0x00000000e0800000, 0x00000000ee100000, 0x0000000100000000)
  eden space 148992K, 0% used [0x00000000e0800000,0x00000000e0800000,0x00000000e9980000)
  from space 11776K, 84% used [0x00000000e9980000,0x00000000ea32c398,0x00000000ea500000)
  to   space 12800K, 0% used [0x00000000ed480000,0x00000000ed480000,0x00000000ee100000)
 ParOldGen       total 45056K, used 9859K [0x00000000a1800000, 0x00000000a4400000, 0x00000000e0800000)
  object space 45056K, 21% used [0x00000000a1800000,0x00000000a21a0cf8,0x00000000a4400000)
 Metaspace       used 33338K, capacity 35454K, committed 35496K, reserved 1079296K
  class space    used 4429K, capacity 4832K, committed 4864K, reserved 1048576K
}
Event: 8.202 GC heap before
{Heap before GC invocations=11 (full 2):
 PSYoungGen      total 160768K, used 9904K [0x00000000e0800000, 0x00000000ee100000, 0x0000000100000000)
  eden space 148992K, 0% used [0x00000000e0800000,0x00000000e0800000,0x00000000e9980000)
  from space 11776K, 84% used [0x00000000e9980000,0x00000000ea32c398,0x00000000ea500000)
  to   space 12800K, 0% used [0x00000000ed480000,0x00000000ed480000,0x00000000ee100000)
 ParOldGen       total 45056K, used 9859K [0x00000000a1800000, 0x00000000a4400000, 0x00000000e0800000)
  object space 45056K, 21% used [0x00000000a1800000,0x00000000a21a0cf8,0x00000000a4400000)
 Metaspace       used 33338K, capacity 35454K, committed 35496K, reserved 1079296K
  class space    used 4429K, capacity 4832K, committed 4864K, reserved 1048576K
Event: 8.330 GC heap after
Heap after GC invocations=11 (full 2):
 PSYoungGen      total 160768K, used 0K [0x00000000e0800000, 0x00000000ee100000, 0x0000000100000000)
  eden space 148992K, 0% used [0x00000000e0800000,0x00000000e0800000,0x00000000e9980000)
  from space 11776K, 0% used [0x00000000e9980000,0x00000000e9980000,0x00000000ea500000)
  to   space 12800K, 0% used [0x00000000ed480000,0x00000000ed480000,0x00000000ee100000)
 ParOldGen       total 68608K, used 14118K [0x00000000a1800000, 0x00000000a5b00000, 0x00000000e0800000)
  object space 68608K, 20% used [0x00000000a1800000,0x00000000a25c9b38,0x00000000a5b00000)
 Metaspace       used 33338K, capacity 35454K, committed 35496K, reserved 1079296K
  class space    used 4429K, capacity 4832K, committed 4864K, reserved 1048576K
}
Event: 13.122 GC heap before
{Heap before GC invocations=12 (full 2):
 PSYoungGen      total 160768K, used 148992K [0x00000000e0800000, 0x00000000ee100000, 0x0000000100000000)
  eden space 148992K, 100% used [0x00000000e0800000,0x00000000e9980000,0x00000000e9980000)
  from space 11776K, 0% used [0x00000000e9980000,0x00000000e9980000,0x00000000ea500000)
  to   space 12800K, 0% used [0x00000000ed480000,0x00000000ed480000,0x00000000ee100000)
 ParOldGen       total 68608K, used 14118K [0x00000000a1800000, 0x00000000a5b00000, 0x00000000e0800000)
  object space 68608K, 20% used [0x00000000a1800000,0x00000000a25c9b38,0x00000000a5b00000)
 Metaspace       used 51630K, capacity 54084K, committed 54400K, reserved 1095680K
  class space    used 7020K, capacity 7449K, committed 7552K, reserved 1048576K
Event: 13.152 GC heap after
Heap after GC invocations=12 (full 2):
 PSYoungGen      total 200704K, used 12776K [0x00000000e0800000, 0x00000000ee180000, 0x0000000100000000)
  eden space 187904K, 0% used [0x00000000e0800000,0x00000000e0800000,0x00000000ebf80000)
  from space 12800K, 99% used [0x00000000ed480000,0x00000000ee0fa048,0x00000000ee100000)
  to   space 17408K, 0% used [0x00000000ebf80000,0x00000000ebf80000,0x00000000ed080000)
 ParOldGen       total 68608K, used 22153K [0x00000000a1800000, 0x00000000a5b00000, 0x00000000e0800000)
  object space 68608K, 32% used [0x00000000a1800000,0x00000000a2da2618,0x00000000a5b00000)
 Metaspace       used 51630K, capacity 54084K, committed 54400K, reserved 1095680K
  class space    used 7020K, capacity 7449K, committed 7552K, reserved 1048576K
}
Event: 15.049 GC heap before
{Heap before GC invocations=13 (full 2):
 PSYoungGen      total 200704K, used 61142K [0x00000000e0800000, 0x00000000ee180000, 0x0000000100000000)
  eden space 187904K, 25% used [0x00000000e0800000,0x00000000e373b8e8,0x00000000ebf80000)
  from space 12800K, 99% used [0x00000000ed480000,0x00000000ee0fa048,0x00000000ee100000)
  to   space 17408K, 0% used [0x00000000ebf80000,0x00000000ebf80000,0x00000000ed080000)
 ParOldGen       total 68608K, used 22153K [0x00000000a1800000, 0x00000000a5b00000, 0x00000000e0800000)
  object space 68608K, 32% used [0x00000000a1800000,0x00000000a2da2618,0x00000000a5b00000)
 Metaspace       used 56131K, capacity 59104K, committed 59160K, reserved 1099776K
  class space    used 7639K, capacity 8151K, committed 8192K, reserved 1048576K
Event: 15.091 GC heap after
Heap after GC invocations=13 (full 2):
 PSYoungGen      total 205312K, used 5114K [0x00000000e0800000, 0x00000000f1280000, 0x0000000100000000)
  eden space 187904K, 0% used [0x00000000e0800000,0x00000000e0800000,0x00000000ebf80000)
  from space 17408K, 29% used [0x00000000ebf80000,0x00000000ec47e8e0,0x00000000ed080000)
  to   space 16896K, 0% used [0x00000000f0200000,0x00000000f0200000,0x00000000f1280000)
 ParOldGen       total 68608K, used 29347K [0x00000000a1800000, 0x00000000a5b00000, 0x00000000e0800000)
  object space 68608K, 42% used [0x00000000a1800000,0x00000000a34a8eb8,0x00000000a5b00000)
 Metaspace       used 56131K, capacity 59104K, committed 59160K, reserved 1099776K
  class space    used 7639K, capacity 8151K, committed 8192K, reserved 1048576K
}
Event: 15.091 GC heap before
{Heap before GC invocations=14 (full 3):
 PSYoungGen      total 205312K, used 5114K [0x00000000e0800000, 0x00000000f1280000, 0x0000000100000000)
  eden space 187904K, 0% used [0x00000000e0800000,0x00000000e0800000,0x00000000ebf80000)
  from space 17408K, 29% used [0x00000000ebf80000,0x00000000ec47e8e0,0x00000000ed080000)
  to   space 16896K, 0% used [0x00000000f0200000,0x00000000f0200000,0x00000000f1280000)
 ParOldGen       total 68608K, used 29347K [0x00000000a1800000, 0x00000000a5b00000, 0x00000000e0800000)
  object space 68608K, 42% used [0x00000000a1800000,0x00000000a34a8eb8,0x00000000a5b00000)
 Metaspace       used 56131K, capacity 59104K, committed 59160K, reserved 1099776K
  class space    used 7639K, capacity 8151K, committed 8192K, reserved 1048576K
Event: 15.392 GC heap after
Heap after GC invocations=14 (full 3):
 PSYoungGen      total 205312K, used 0K [0x00000000e0800000, 0x00000000f1280000, 0x0000000100000000)
  eden space 187904K, 0% used [0x00000000e0800000,0x00000000e0800000,0x00000000ebf80000)
  from space 17408K, 0% used [0x00000000ebf80000,0x00000000ebf80000,0x00000000ed080000)
  to   space 16896K, 0% used [0x00000000f0200000,0x00000000f0200000,0x00000000f1280000)
 ParOldGen       total 68608K, used 23512K [0x00000000a1800000, 0x00000000a5b00000, 0x00000000e0800000)
  object space 68608K, 34% used [0x00000000a1800000,0x00000000a2ef6208,0x00000000a5b00000)
 Metaspace       used 56131K, capacity 59104K, committed 59160K, reserved 1099776K
  class space    used 7639K, capacity 8151K, committed 8192K, reserved 1048576K
}

