# JRE version: Java(TM) SE Runtime Environment (8.0_161-b12) (build 1.8.0_161-b12)
# Java VM: Java HotSpot(TM) 64-Bit Server VM (25.161-b12 mixed mode windows-amd64 compressed oops)
Heap:
 PSYoungGen      total 207360K, used 1260K [0x00000000e0800000, 0x00000000f1100000, 0x0000000100000000)
  eden space 188928K, 0% used [0x00000000e0800000,0x00000000e0800000,0x00000000ec080000)
  from space 18432K, 6% used [0x00000000eff00000,0x00000000f003b060,0x00000000f1100000)
  to   space 12288K, 0% used [0x00000000ec080000,0x00000000ec080000,0x00000000ecc80000)
 ParOldGen       total 78848K, used 33401K [0x00000000a1800000, 0x00000000a6500000, 0x00000000e0800000)
  object space 78848K, 42% used [0x00000000a1800000,0x00000000a389e770,0x00000000a6500000)
 Metaspace       used 56105K, capacity 59076K, committed 59160K, reserved 1099776K
  class space    used 7637K, capacity 8119K, committed 8192K, reserved 1048576K
GC Heap History (10 events):
Event: 13.313 GC heap after
Heap after GC invocations=10 (full 1):
 PSYoungGen      total 164864K, used 10210K [0x00000000e0800000, 0x00000000ecf00000, 0x0000000100000000)
  eden space 154624K, 0% used [0x00000000e0800000,0x00000000e0800000,0x00000000e9f00000)
  from space 10240K, 99% used [0x00000000ec300000,0x00000000eccf8818,0x00000000ecd00000)
  to   space 2048K, 0% used [0x00000000ecd00000,0x00000000ecd00000,0x00000000ecf00000)
 ParOldGen       total 49664K, used 8961K [0x00000000a1800000, 0x00000000a4880000, 0x00000000e0800000)
  object space 49664K, 18% used [0x00000000a1800000,0x00000000a20c07a0,0x00000000a4880000)
 Metaspace       used 32268K, capacity 34344K, committed 34432K, reserved 1079296K
  class space    used 4281K, capacity 4679K, committed 4736K, reserved 1048576K
}
Event: 14.085 GC heap before
{Heap before GC invocations=11 (full 1):
 PSYoungGen      total 164864K, used 51036K [0x00000000e0800000, 0x00000000ecf00000, 0x0000000100000000)
  eden space 154624K, 26% used [0x00000000e0800000,0x00000000e2fde910,0x00000000e9f00000)
  from space 10240K, 99% used [0x00000000ec300000,0x00000000eccf8818,0x00000000ecd00000)
  to   space 2048K, 0% used [0x00000000ecd00000,0x00000000ecd00000,0x00000000ecf00000)
 ParOldGen       total 49664K, used 8961K [0x00000000a1800000, 0x00000000a4880000, 0x00000000e0800000)
  object space 49664K, 18% used [0x00000000a1800000,0x00000000a20c07a0,0x00000000a4880000)
 Metaspace       used 33339K, capacity 35458K, committed 35496K, reserved 1079296K
  class space    used 4427K, capacity 4832K, committed 4864K, reserved 1048576K
Event: 14.115 GC heap after
Heap after GC invocations=11 (full 1):
 PSYoungGen      total 190976K, used 2036K [0x00000000e0800000, 0x00000000ed880000, 0x0000000100000000)
  eden space 188928K, 0% used [0x00000000e0800000,0x00000000e0800000,0x00000000ec080000)
  from space 2048K, 99% used [0x00000000ecd00000,0x00000000ecefd208,0x00000000ecf00000)
  to   space 12288K, 0% used [0x00000000ec080000,0x00000000ec080000,0x00000000ecc80000)
 ParOldGen       total 49664K, used 14820K [0x00000000a1800000, 0x00000000a4880000, 0x00000000e0800000)
  object space 49664K, 29% used [0x00000000a1800000,0x00000000a26792c0,0x00000000a4880000)
 Metaspace       used 33339K, capacity 35458K, committed 35496K, reserved 1079296K
  class space    used 4427K, capacity 4832K, committed 4864K, reserved 1048576K
}
Event: 14.115 GC heap before
{Heap before GC invocations=12 (full 2):
 PSYoungGen      total 190976K, used 2036K [0x00000000e0800000, 0x00000000ed880000, 0x0000000100000000)
  eden space 188928K, 0% used [0x00000000e0800000,0x00000000e0800000,0x00000000ec080000)
  from space 2048K, 99% used [0x00000000ecd00000,0x00000000ecefd208,0x00000000ecf00000)
  to   space 12288K, 0% used [0x00000000ec080000,0x00000000ec080000,0x00000000ecc80000)
 ParOldGen       total 49664K, used 14820K [0x00000000a1800000, 0x00000000a4880000, 0x00000000e0800000)
  object space 49664K, 29% used [0x00000000a1800000,0x00000000a26792c0,0x00000000a4880000)
 Metaspace       used 33339K, capacity 35458K, committed 35496K, reserved 1079296K
  class space    used 4427K, capacity 4832K, committed 4864K, reserved 1048576K
Event: 14.239 GC heap after
Heap after GC invocations=12 (full 2):
 PSYoungGen      total 190976K, used 0K [0x00000000e0800000, 0x00000000ed880000, 0x0000000100000000)
  eden space 188928K, 0% used [0x00000000e0800000,0x00000000e0800000,0x00000000ec080000)
  from space 2048K, 0% used [0x00000000ecd00000,0x00000000ecd00000,0x00000000ecf00000)
  to   space 12288K, 0% used [0x00000000ec080000,0x00000000ec080000,0x00000000ecc80000)
 ParOldGen       total 78848K, used 12695K [0x00000000a1800000, 0x00000000a6500000, 0x00000000e0800000)
  object space 78848K, 16% used [0x00000000a1800000,0x00000000a2465c68,0x00000000a6500000)
 Metaspace       used 33339K, capacity 35458K, committed 35496K, reserved 1079296K
  class space    used 4427K, capacity 4832K, committed 4864K, reserved 1048576K
}
Event: 23.983 GC heap before
{Heap before GC invocations=13 (full 2):
 PSYoungGen      total 190976K, used 188928K [0x00000000e0800000, 0x00000000ed880000, 0x0000000100000000)
  eden space 188928K, 100% used [0x00000000e0800000,0x00000000ec080000,0x00000000ec080000)
  from space 2048K, 0% used [0x00000000ecd00000,0x00000000ecd00000,0x00000000ecf00000)
  to   space 12288K, 0% used [0x00000000ec080000,0x00000000ec080000,0x00000000ecc80000)
 ParOldGen       total 78848K, used 12695K [0x00000000a1800000, 0x00000000a6500000, 0x00000000e0800000)
  object space 78848K, 16% used [0x00000000a1800000,0x00000000a2465c68,0x00000000a6500000)
 Metaspace       used 54995K, capacity 57904K, committed 58240K, reserved 1099776K
  class space    used 7466K, capacity 7973K, committed 8064K, reserved 1048576K
Event: 24.020 GC heap after
Heap after GC invocations=13 (full 2):
 PSYoungGen      total 201216K, used 12268K [0x00000000e0800000, 0x00000000f1100000, 0x0000000100000000)
  eden space 188928K, 0% used [0x00000000e0800000,0x00000000e0800000,0x00000000ec080000)
  from space 12288K, 99% used [0x00000000ec080000,0x00000000ecc7b3f8,0x00000000ecc80000)
  to   space 18432K, 0% used [0x00000000eff00000,0x00000000eff00000,0x00000000f1100000)
 ParOldGen       total 78848K, used 24681K [0x00000000a1800000, 0x00000000a6500000, 0x00000000e0800000)
  object space 78848K, 31% used [0x00000000a1800000,0x00000000a301a400,0x00000000a6500000)
 Metaspace       used 54995K, capacity 57904K, committed 58240K, reserved 1099776K
  class space    used 7466K, capacity 7973K, committed 8064K, reserved 1048576K
}
Event: 24.504 GC heap before
{Heap before GC invocations=14 (full 2):
 PSYoungGen      total 201216K, used 25768K [0x00000000e0800000, 0x00000000f1100000, 0x0000000100000000)
  eden space 188928K, 7% used [0x00000000e0800000,0x00000000e152ec28,0x00000000ec080000)
  from space 12288K, 99% used [0x00000000ec080000,0x00000000ecc7b3f8,0x00000000ecc80000)
  to   space 18432K, 0% used [0x00000000eff00000,0x00000000eff00000,0x00000000f1100000)
 ParOldGen       total 78848K, used 24681K [0x00000000a1800000, 0x00000000a6500000, 0x00000000e0800000)
  object space 78848K, 31% used [0x00000000a1800000,0x00000000a301a400,0x00000000a6500000)
 Metaspace       used 56105K, capacity 59076K, committed 59160K, reserved 1099776K
  class space    used 7637K, capacity 8119K, committed 8192K, reserved 1048576K
Event: 24.537 GC heap after
Heap after GC invocations=14 (full 2):
 PSYoungGen      total 207360K, used 1260K [0x00000000e0800000, 0x00000000f1100000, 0x0000000100000000)
  eden space 188928K, 0% used [0x00000000e0800000,0x00000000e0800000,0x00000000ec080000)
  from space 18432K, 6% used [0x00000000eff00000,0x00000000f003b060,0x00000000f1100000)
  to   space 12288K, 0% used [0x00000000ec080000,0x00000000ec080000,0x00000000ecc80000)
 ParOldGen       total 78848K, used 33401K [0x00000000a1800000, 0x00000000a6500000, 0x00000000e0800000)
  object space 78848K, 42% used [0x00000000a1800000,0x00000000a389e770,0x00000000a6500000)
 Metaspace       used 56105K, capacity 59076K, committed 59160K, reserved 1099776K
  class space    used 7637K, capacity 8119K, committed 8192K, reserved 1048576K
}
Event: 24.537 GC heap before
{Heap before GC invocations=15 (full 3):
 PSYoungGen      total 207360K, used 1260K [0x00000000e0800000, 0x00000000f1100000, 0x0000000100000000)
  eden space 188928K, 0% used [0x00000000e0800000,0x00000000e0800000,0x00000000ec080000)
  from space 18432K, 6% used [0x00000000eff00000,0x00000000f003b060,0x00000000f1100000)
  to   space 12288K, 0% used [0x00000000ec080000,0x00000000ec080000,0x00000000ecc80000)
 ParOldGen       total 78848K, used 33401K [0x00000000a1800000, 0x00000000a6500000, 0x00000000e0800000)
  object space 78848K, 42% used [0x00000000a1800000,0x00000000a389e770,0x00000000a6500000)
 Metaspace       used 56105K, capacity 59076K, committed 59160K, reserved 1099776K
  class space    used 7637K, capacity 8119K, committed 8192K, reserved 1048576K

