# JRE version: Java(TM) SE Runtime Environment (8.0_161-b12) (build 1.8.0_161-b12)
# Java VM: Java HotSpot(TM) 64-Bit Server VM (25.161-b12 mixed mode windows-amd64 compressed oops)
Heap:
 PSYoungGen      total 250368K, used 23252K [0x00000000e0800000, 0x00000000f2f00000, 0x0000000100000000)
  eden space 238080K, 9% used [0x00000000e0800000,0x00000000e1eb5238,0x00000000ef080000)
  from space 12288K, 0% used [0x00000000ef080000,0x00000000ef080000,0x00000000efc80000)
  to   space 12800K, 0% used [0x00000000efc80000,0x00000000efc80000,0x00000000f0900000)
 ParOldGen       total 53248K, used 36116K [0x00000000a1800000, 0x00000000a4c00000, 0x00000000e0800000)
  object space 53248K, 67% used [0x00000000a1800000,0x00000000a3b45120,0x00000000a4c00000)
 Metaspace       used 56361K, capacity 59444K, committed 59520K, reserved 1099776K
  class space    used 7701K, capacity 8270K, committed 8320K, reserved 1048576K
GC Heap History (10 events):
Event: 8.018 GC heap before
{Heap before GC invocations=10 (full 1):
 PSYoungGen      total 176640K, used 176638K [0x00000000e0800000, 0x00000000ed600000, 0x0000000100000000)
  eden space 167936K, 100% used [0x00000000e0800000,0x00000000eac00000,0x00000000eac00000)
  from space 8704K, 99% used [0x00000000ecd80000,0x00000000ed5ffbd8,0x00000000ed600000)
  to   space 10240K, 0% used [0x00000000ec200000,0x00000000ec200000,0x00000000ecc00000)
 ParOldGen       total 39424K, used 6819K [0x00000000a1800000, 0x00000000a3e80000, 0x00000000e0800000)
  object space 39424K, 17% used [0x00000000a1800000,0x00000000a1ea8c90,0x00000000a3e80000)
 Metaspace       used 33026K, capacity 35156K, committed 35328K, reserved 1079296K
  class space    used 4381K, capacity 4753K, committed 4864K, reserved 1048576K
Event: 8.043 GC heap after
Heap after GC invocations=10 (full 1):
 PSYoungGen      total 200704K, used 10219K [0x00000000e0800000, 0x00000000f0900000, 0x0000000100000000)
  eden space 190464K, 0% used [0x00000000e0800000,0x00000000e0800000,0x00000000ec200000)
  from space 10240K, 99% used [0x00000000ec200000,0x00000000ecbfac80,0x00000000ecc00000)
  to   space 12800K, 0% used [0x00000000efc80000,0x00000000efc80000,0x00000000f0900000)
 ParOldGen       total 39424K, used 8961K [0x00000000a1800000, 0x00000000a3e80000, 0x00000000e0800000)
  object space 39424K, 22% used [0x00000000a1800000,0x00000000a20c0410,0x00000000a3e80000)
 Metaspace       used 33026K, capacity 35156K, committed 35328K, reserved 1079296K
  class space    used 4381K, capacity 4753K, committed 4864K, reserved 1048576K
}
Event: 8.181 GC heap before
{Heap before GC invocations=11 (full 1):
 PSYoungGen      total 200704K, used 23516K [0x00000000e0800000, 0x00000000f0900000, 0x0000000100000000)
  eden space 190464K, 6% used [0x00000000e0800000,0x00000000e14fc658,0x00000000ec200000)
  from space 10240K, 99% used [0x00000000ec200000,0x00000000ecbfac80,0x00000000ecc00000)
  to   space 12800K, 0% used [0x00000000efc80000,0x00000000efc80000,0x00000000f0900000)
 ParOldGen       total 39424K, used 8961K [0x00000000a1800000, 0x00000000a3e80000, 0x00000000e0800000)
  object space 39424K, 22% used [0x00000000a1800000,0x00000000a20c0410,0x00000000a3e80000)
 Metaspace       used 33339K, capacity 35458K, committed 35496K, reserved 1079296K
  class space    used 4429K, capacity 4832K, committed 4864K, reserved 1048576K
Event: 8.199 GC heap after
Heap after GC invocations=11 (full 1):
 PSYoungGen      total 250880K, used 4604K [0x00000000e0800000, 0x00000000f2f00000, 0x0000000100000000)
  eden space 238080K, 0% used [0x00000000e0800000,0x00000000e0800000,0x00000000ef080000)
  from space 12800K, 35% used [0x00000000efc80000,0x00000000f00ff150,0x00000000f0900000)
  to   space 12288K, 0% used [0x00000000ef080000,0x00000000ef080000,0x00000000efc80000)
 ParOldGen       total 39424K, used 11781K [0x00000000a1800000, 0x00000000a3e80000, 0x00000000e0800000)
  object space 39424K, 29% used [0x00000000a1800000,0x00000000a2381450,0x00000000a3e80000)
 Metaspace       used 33339K, capacity 35458K, committed 35496K, reserved 1079296K
  class space    used 4429K, capacity 4832K, committed 4864K, reserved 1048576K
}
Event: 8.199 GC heap before
{Heap before GC invocations=12 (full 2):
 PSYoungGen      total 250880K, used 4604K [0x00000000e0800000, 0x00000000f2f00000, 0x0000000100000000)
  eden space 238080K, 0% used [0x00000000e0800000,0x00000000e0800000,0x00000000ef080000)
  from space 12800K, 35% used [0x00000000efc80000,0x00000000f00ff150,0x00000000f0900000)
  to   space 12288K, 0% used [0x00000000ef080000,0x00000000ef080000,0x00000000efc80000)
 ParOldGen       total 39424K, used 11781K [0x00000000a1800000, 0x00000000a3e80000, 0x00000000e0800000)
  object space 39424K, 29% used [0x00000000a1800000,0x00000000a2381450,0x00000000a3e80000)
 Metaspace       used 33339K, capacity 35458K, committed 35496K, reserved 1079296K
  class space    used 4429K, capacity 4832K, committed 4864K, reserved 1048576K
Event: 8.287 GC heap after
Heap after GC invocations=12 (full 2):
 PSYoungGen      total 250880K, used 0K [0x00000000e0800000, 0x00000000f2f00000, 0x0000000100000000)
  eden space 238080K, 0% used [0x00000000e0800000,0x00000000e0800000,0x00000000ef080000)
  from space 12800K, 0% used [0x00000000efc80000,0x00000000efc80000,0x00000000f0900000)
  to   space 12288K, 0% used [0x00000000ef080000,0x00000000ef080000,0x00000000efc80000)
 ParOldGen       total 53248K, used 12111K [0x00000000a1800000, 0x00000000a4c00000, 0x00000000e0800000)
  object space 53248K, 22% used [0x00000000a1800000,0x00000000a23d3e40,0x00000000a4c00000)
 Metaspace       used 33339K, capacity 35458K, committed 35496K, reserved 1079296K
  class space    used 4429K, capacity 4832K, committed 4864K, reserved 1048576K
}
Event: 14.529 GC heap before
{Heap before GC invocations=13 (full 2):
 PSYoungGen      total 250880K, used 197754K [0x00000000e0800000, 0x00000000f2f00000, 0x0000000100000000)
  eden space 238080K, 83% used [0x00000000e0800000,0x00000000ec91eac0,0x00000000ef080000)
  from space 12800K, 0% used [0x00000000efc80000,0x00000000efc80000,0x00000000f0900000)
  to   space 12288K, 0% used [0x00000000ef080000,0x00000000ef080000,0x00000000efc80000)
 ParOldGen       total 53248K, used 12111K [0x00000000a1800000, 0x00000000a4c00000, 0x00000000e0800000)
  object space 53248K, 22% used [0x00000000a1800000,0x00000000a23d3e40,0x00000000a4c00000)
 Metaspace       used 56074K, capacity 59034K, committed 59136K, reserved 1099776K
  class space    used 7638K, capacity 8150K, committed 8192K, reserved 1048576K
Event: 14.570 GC heap after
Heap after GC invocations=13 (full 2):
 PSYoungGen      total 250368K, used 12271K [0x00000000e0800000, 0x00000000f2f00000, 0x0000000100000000)
  eden space 238080K, 0% used [0x00000000e0800000,0x00000000e0800000,0x00000000ef080000)
  from space 12288K, 99% used [0x00000000ef080000,0x00000000efc7bd18,0x00000000efc80000)
  to   space 12800K, 0% used [0x00000000efc80000,0x00000000efc80000,0x00000000f0900000)
 ParOldGen       total 53248K, used 25272K [0x00000000a1800000, 0x00000000a4c00000, 0x00000000e0800000)
  object space 53248K, 47% used [0x00000000a1800000,0x00000000a30ae3e0,0x00000000a4c00000)
 Metaspace       used 56074K, capacity 59034K, committed 59136K, reserved 1099776K
  class space    used 7638K, capacity 8150K, committed 8192K, reserved 1048576K
}
Event: 14.570 GC heap before
{Heap before GC invocations=14 (full 3):
 PSYoungGen      total 250368K, used 12271K [0x00000000e0800000, 0x00000000f2f00000, 0x0000000100000000)
  eden space 238080K, 0% used [0x00000000e0800000,0x00000000e0800000,0x00000000ef080000)
  from space 12288K, 99% used [0x00000000ef080000,0x00000000efc7bd18,0x00000000efc80000)
  to   space 12800K, 0% used [0x00000000efc80000,0x00000000efc80000,0x00000000f0900000)
 ParOldGen       total 53248K, used 25272K [0x00000000a1800000, 0x00000000a4c00000, 0x00000000e0800000)
  object space 53248K, 47% used [0x00000000a1800000,0x00000000a30ae3e0,0x00000000a4c00000)
 Metaspace       used 56074K, capacity 59034K, committed 59136K, reserved 1099776K
  class space    used 7638K, capacity 8150K, committed 8192K, reserved 1048576K
Event: 14.869 GC heap after
Heap after GC invocations=14 (full 3):
 PSYoungGen      total 250368K, used 0K [0x00000000e0800000, 0x00000000f2f00000, 0x0000000100000000)
  eden space 238080K, 0% used [0x00000000e0800000,0x00000000e0800000,0x00000000ef080000)
  from space 12288K, 0% used [0x00000000ef080000,0x00000000ef080000,0x00000000efc80000)
  to   space 12800K, 0% used [0x00000000efc80000,0x00000000efc80000,0x00000000f0900000)
 ParOldGen       total 53248K, used 36116K [0x00000000a1800000, 0x00000000a4c00000, 0x00000000e0800000)
  object space 53248K, 67% used [0x00000000a1800000,0x00000000a3b45120,0x00000000a4c00000)
 Metaspace       used 56074K, capacity 59034K, committed 59136K, reserved 1099776K
  class space    used 7638K, capacity 8150K, committed 8192K, reserved 1048576K
}

